<?xml version="1.0" encoding="UTF-8"?>
<!-- Generated by org.testng.reporters.JUnitReportReporter -->
<testsuite skipped="0" hostname="nagandra-PC" name="com.tests.LoginTest" tests="1" failures="0" timestamp="02 Oct 2018 04:47:54 GMT" time="49.511" errors="0">
  <testcase name="login" time="49.511" classname="com.tests.LoginTest"/>
</testsuite> <!-- com.tests.LoginTest -->
